c:\users\sephirothbahamut\documents\programming\vs\projects\craph+++\craph+++\debug\craph+++.pch
c:\users\sephirothbahamut\documents\programming\vs\projects\craph+++\craph+++\debug\vc141.pdb
c:\users\sephirothbahamut\documents\programming\vs\projects\craph+++\craph+++\debug\vc141.idb
c:\users\sephirothbahamut\documents\programming\vs\projects\craph+++\craph+++\debug\stdafx.obj
c:\users\sephirothbahamut\documents\programming\vs\projects\craph+++\craph+++\debug\act.obj
c:\users\sephirothbahamut\documents\programming\vs\projects\craph+++\craph+++\debug\ast.obj
c:\users\sephirothbahamut\documents\programming\vs\projects\craph+++\craph+++\debug\craph+++.obj
c:\users\sephirothbahamut\documents\programming\vs\projects\craph+++\craph+++\debug\interpreter.obj
c:\users\sephirothbahamut\documents\programming\vs\projects\craph+++\craph+++\debug\parser.obj
c:\users\sephirothbahamut\documents\programming\vs\projects\craph+++\craph+++\debug\timer.obj
c:\users\sephirothbahamut\documents\programming\vs\projects\craph+++\craph+++\debug\tok.obj
c:\users\sephirothbahamut\documents\programming\vs\projects\craph+++\debug\craph+++.exe
c:\users\sephirothbahamut\documents\programming\vs\projects\craph+++\debug\craph+++.ilk
c:\users\sephirothbahamut\documents\programming\vs\projects\craph+++\debug\craph+++.pdb
c:\users\sephirothbahamut\documents\programming\vs\projects\craph+++\craph+++\debug\craph+++.tlog\cl.command.1.tlog
c:\users\sephirothbahamut\documents\programming\vs\projects\craph+++\craph+++\debug\craph+++.tlog\cl.read.1.tlog
c:\users\sephirothbahamut\documents\programming\vs\projects\craph+++\craph+++\debug\craph+++.tlog\cl.write.1.tlog
c:\users\sephirothbahamut\documents\programming\vs\projects\craph+++\craph+++\debug\craph+++.tlog\link.command.1.tlog
c:\users\sephirothbahamut\documents\programming\vs\projects\craph+++\craph+++\debug\craph+++.tlog\link.read.1.tlog
c:\users\sephirothbahamut\documents\programming\vs\projects\craph+++\craph+++\debug\craph+++.tlog\link.write.1.tlog
